0 info it worked if it ends with ok
1 verbose cli [ '/Users/smahr/.nvm/versions/node/v5.5.0/bin/node',
1 verbose cli   '/Users/smahr/.nvm/versions/node/v5.5.0/bin/npm',
1 verbose cli   'start' ]
2 info using npm@3.3.12
3 info using node@v5.5.0
4 verbose run-script [ 'prestart', 'start', 'poststart' ]
5 info lifecycle listening@0.0.0~prestart: listening@0.0.0
6 silly lifecycle listening@0.0.0~prestart: no script for prestart, continuing
7 info lifecycle listening@0.0.0~start: listening@0.0.0
8 verbose lifecycle listening@0.0.0~start: unsafe-perm in lifecycle true
9 verbose lifecycle listening@0.0.0~start: PATH: /Users/smahr/.nvm/versions/node/v5.5.0/lib/node_modules/npm/bin/node-gyp-bin:/Users/smahr/Projects/listening/node_modules/.bin:/Users/smahr/.rvm/gems/ruby-2.3.0/bin:/Users/smahr/.rvm/gems/ruby-2.3.0@global/bin:/Users/smahr/.rvm/rubies/ruby-2.3.0/bin:/Users/smahr/.nvm/versions/node/v5.5.0/bin:/Library/Frameworks/Python.framework/Versions/2.7/bin:/usr/local/bin:/usr/bin:/bin:/usr/sbin:/sbin:/usr/local/bin:/usr/bin:/bin:/usr/sbin:/sbin:/Users/smahr/bin:/Users/smahr/.rvm/bin
10 verbose lifecycle listening@0.0.0~start: CWD: /Users/smahr/Projects/listening
11 silly lifecycle listening@0.0.0~start: Args: [ '-c', 'NODE_ENV=dev webpack-dev-server --inline --open' ]
12 silly lifecycle listening@0.0.0~start: Returned: code: 1  signal: null
13 info lifecycle listening@0.0.0~start: Failed to exec start script
14 verbose stack Error: listening@0.0.0 start: `NODE_ENV=dev webpack-dev-server --inline --open`
14 verbose stack Exit status 1
14 verbose stack     at EventEmitter.<anonymous> (/Users/smahr/.nvm/versions/node/v5.5.0/lib/node_modules/npm/lib/utils/lifecycle.js:232:16)
14 verbose stack     at emitTwo (events.js:100:13)
14 verbose stack     at EventEmitter.emit (events.js:185:7)
14 verbose stack     at ChildProcess.<anonymous> (/Users/smahr/.nvm/versions/node/v5.5.0/lib/node_modules/npm/lib/utils/spawn.js:24:14)
14 verbose stack     at emitTwo (events.js:100:13)
14 verbose stack     at ChildProcess.emit (events.js:185:7)
14 verbose stack     at maybeClose (internal/child_process.js:821:16)
14 verbose stack     at Process.ChildProcess._handle.onexit (internal/child_process.js:211:5)
15 verbose pkgid listening@0.0.0
16 verbose cwd /Users/smahr/Projects/listening
17 error Darwin 15.4.0
18 error argv "/Users/smahr/.nvm/versions/node/v5.5.0/bin/node" "/Users/smahr/.nvm/versions/node/v5.5.0/bin/npm" "start"
19 error node v5.5.0
20 error npm  v3.3.12
21 error code ELIFECYCLE
22 error listening@0.0.0 start: `NODE_ENV=dev webpack-dev-server --inline --open`
22 error Exit status 1
23 error Failed at the listening@0.0.0 start script 'NODE_ENV=dev webpack-dev-server --inline --open'.
23 error Make sure you have the latest version of node.js and npm installed.
23 error If you do, this is most likely a problem with the listening package,
23 error not with npm itself.
23 error Tell the author that this fails on your system:
23 error     NODE_ENV=dev webpack-dev-server --inline --open
23 error You can get their info via:
23 error     npm owner ls listening
23 error There is likely additional logging output above.
24 verbose exit [ 1, true ]
